<?xml version="1.0" encoding="UTF-8"?>
<!-- Generated by org.testng.reporters.JUnitXMLReporter -->
<testsuite ignored="0" hostname="DESKTOP-653K03T" failures="2" tests="4" name="Surefire test" time="19.633" errors="0" timestamp="09 Sep 2023 05:35:31 GMT">
  <testcase classname="tests.LoginTest" name="testLogin" time="1.566">
    <failure type="java.lang.AssertionError" message="Sign Out not Present">
      <![CDATA[java.lang.AssertionError: Sign Out not Present
at tests.LoginTest.testLogin(LoginTest.java:44)
... Removed 31 stack frames]]>
    </failure>
  </testcase> <!-- testLogin -->
  <testcase classname="tests.LoginTest" name="testLogin" time="4.015"/>
  <testcase classname="tests.LoginTest" name="testLogin" time="0.862">
    <failure type="java.lang.IllegalArgumentException" message="Keys to send should be a not null CharSequence">
      <![CDATA[java.lang.IllegalArgumentException: Keys to send should be a not null CharSequence
at org.openqa.selenium.remote.RemoteWebElement.sendKeys(RemoteWebElement.java:97)
at org.openqa.selenium.support.pagefactory.internal.LocatingElementHandler.invoke(LocatingElementHandler.java:51)
at jdk.proxy2/jdk.proxy2.$Proxy13.sendKeys(Unknown Source)
at pages.LoginPage.enterLoginDetails(LoginPage.java:25)
at tests.LoginTest.testLogin(LoginTest.java:38)
... Removed 34 stack frames]]>
    </failure>
  </testcase> <!-- testLogin -->
  <testcase classname="Utilities.NewTest" name="f" time="0.0"/>
</testsuite> <!-- Surefire test -->
