<?xml version="1.0" encoding="UTF-8"?>
<testsuite xmlns:xsi="http://www.w3.org/2001/XMLSchema-instance" xsi:noNamespaceSchemaLocation="https://maven.apache.org/surefire/maven-surefire-plugin/xsd/surefire-test-report.xsd" name="TestSuite" time="20.548" tests="4" errors="0" skipped="0" failures="2">
  <properties>
[...]
</properties>
  <testcase name="testLogin" classname="tests.LoginTest" time="1.596">
    <failure message="Sign Out not Present" type="java.lang.AssertionError">java.lang.AssertionError: Sign Out not Present
	at tests.LoginTest.testLogin(LoginTest.java:44)
</failure>
    <system-err><![CDATA[SLF4J: Failed to load class "org.slf4j.impl.StaticLoggerBinder".
SLF4J: Defaulting to no-operation (NOP) logger implementation
SLF4J: See http://www.slf4j.org/codes.html#StaticLoggerBinder for further details.
ERROR StatusLogger Log4j2 could not find a logging implementation. Please add log4j-core to the classpath. Using SimpleLogger to log to the console...
]]></system-err>
  </testcase>
  <testcase name="testLogin" classname="tests.LoginTest" time="4.023"/>
  <testcase name="testLogin" classname="tests.LoginTest" time="0.85">
    <failure message="Keys to send should be a not null CharSequence" type="java.lang.IllegalArgumentException">java.lang.IllegalArgumentException: Keys to send should be a not null CharSequence
	at tests.LoginTest.testLogin(LoginTest.java:38)
</failure>
  </testcase>
  <testcase name="f" classname="Utilities.NewTest" time="0"/>
</testsuite>